0 info it worked if it ends with ok
1 verbose cli [ '/usr/local/bin/node', '/usr/local/bin/npm', 'run', 'grunt' ]
2 info using npm@3.10.8
3 info using node@v6.9.1
4 verbose run-script [ 'pregrunt', 'grunt', 'postgrunt' ]
5 info lifecycle mesh-attacks@1.0.0~pregrunt: mesh-attacks@1.0.0
6 silly lifecycle mesh-attacks@1.0.0~pregrunt: no script for pregrunt, continuing
7 info lifecycle mesh-attacks@1.0.0~grunt: mesh-attacks@1.0.0
8 verbose lifecycle mesh-attacks@1.0.0~grunt: unsafe-perm in lifecycle true
9 verbose lifecycle mesh-attacks@1.0.0~grunt: PATH: /usr/local/lib/node_modules/npm/bin/node-gyp-bin:/Users/sam/MESH/Typescript-2.0/MESH-ATTACKS/node_modules/.bin:/usr/local/bin:/usr/local/sbin:/usr/bin:/bin:/usr/sbin:/sbin
10 verbose lifecycle mesh-attacks@1.0.0~grunt: CWD: /Users/sam/MESH/Typescript-2.0/MESH-ATTACKS
11 silly lifecycle mesh-attacks@1.0.0~grunt: Args: [ '-c', 'grunt' ]
12 silly lifecycle mesh-attacks@1.0.0~grunt: Returned: code: 3  signal: null
13 info lifecycle mesh-attacks@1.0.0~grunt: Failed to exec grunt script
14 verbose stack Error: mesh-attacks@1.0.0 grunt: `grunt`
14 verbose stack Exit status 3
14 verbose stack     at EventEmitter.<anonymous> (/usr/local/lib/node_modules/npm/lib/utils/lifecycle.js:255:16)
14 verbose stack     at emitTwo (events.js:106:13)
14 verbose stack     at EventEmitter.emit (events.js:191:7)
14 verbose stack     at ChildProcess.<anonymous> (/usr/local/lib/node_modules/npm/lib/utils/spawn.js:40:14)
14 verbose stack     at emitTwo (events.js:106:13)
14 verbose stack     at ChildProcess.emit (events.js:191:7)
14 verbose stack     at maybeClose (internal/child_process.js:877:16)
14 verbose stack     at Process.ChildProcess._handle.onexit (internal/child_process.js:226:5)
15 verbose pkgid mesh-attacks@1.0.0
16 verbose cwd /Users/sam/MESH/Typescript-2.0/MESH-ATTACKS/views
17 error Darwin 16.1.0
18 error argv "/usr/local/bin/node" "/usr/local/bin/npm" "run" "grunt"
19 error node v6.9.1
20 error npm  v3.10.8
21 error code ELIFECYCLE
22 error mesh-attacks@1.0.0 grunt: `grunt`
22 error Exit status 3
23 error Failed at the mesh-attacks@1.0.0 grunt script 'grunt'.
23 error Make sure you have the latest version of node.js and npm installed.
23 error If you do, this is most likely a problem with the mesh-attacks package,
23 error not with npm itself.
23 error Tell the author that this fails on your system:
23 error     grunt
23 error You can get information on how to open an issue for this project with:
23 error     npm bugs mesh-attacks
23 error Or if that isn't available, you can get their info via:
23 error     npm owner ls mesh-attacks
23 error There is likely additional logging output above.
24 verbose exit [ 1, true ]
